<?xml version="1.0" encoding="UTF-8"?>
<!-- Generated by org.testng.reporters.JUnitXMLReporter -->
<testsuite hostname="KhodzhidzhasMBP" ignored="0" name="Default test" tests="2" failures="0" timestamp="2023-01-03T15:59:05 EST" time="25.956" errors="0">
  <testcase name="logoValidation" time="7.226" classname="com.neotech.lesson01.TitleAndLoginValidation"/>
  <testcase name="titleValidation" time="2.026" classname="com.neotech.lesson01.TitleAndLoginValidation"/>
</testsuite> <!-- Default test -->
