<?xml version="1.0" encoding="UTF-8"?>
<testng-results skipped="0" failed="0" ignored="0" total="2" passed="2">
  <reporter-output>
  </reporter-output>
  <suite name="Default suite" duration-ms="25956" started-at="2023-01-03T15:58:39 EST" finished-at="2023-01-03T15:59:05 EST">
    <groups>
    </groups>
    <test name="Default test" duration-ms="25956" started-at="2023-01-03T15:58:39 EST" finished-at="2023-01-03T15:59:05 EST">
      <class name="com.neotech.lesson01.TitleAndLoginValidation">
        <test-method status="PASS" signature="openAndNavigate()[pri:0, instance:com.neotech.lesson01.TitleAndLoginValidation@28ac3dc3]" name="openAndNavigate" is-config="true" duration-ms="9380" started-at="2023-01-03T15:58:39 EST" finished-at="2023-01-03T15:58:49 EST">
          <reporter-output>
          </reporter-output>
        </test-method> <!-- openAndNavigate -->
        <test-method status="PASS" signature="logoValidation()[pri:0, instance:com.neotech.lesson01.TitleAndLoginValidation@28ac3dc3]" name="logoValidation" duration-ms="7226" started-at="2023-01-03T15:58:49 EST" finished-at="2023-01-03T15:58:56 EST">
          <reporter-output>
          </reporter-output>
        </test-method> <!-- logoValidation -->
        <test-method status="PASS" signature="quitBrowser()[pri:0, instance:com.neotech.lesson01.TitleAndLoginValidation@28ac3dc3]" name="quitBrowser" is-config="true" duration-ms="129" started-at="2023-01-03T15:58:56 EST" finished-at="2023-01-03T15:58:56 EST">
          <reporter-output>
          </reporter-output>
        </test-method> <!-- quitBrowser -->
        <test-method status="PASS" signature="openAndNavigate()[pri:0, instance:com.neotech.lesson01.TitleAndLoginValidation@28ac3dc3]" name="openAndNavigate" is-config="true" duration-ms="7009" started-at="2023-01-03T15:58:56 EST" finished-at="2023-01-03T15:59:03 EST">
          <reporter-output>
          </reporter-output>
        </test-method> <!-- openAndNavigate -->
        <test-method status="PASS" signature="titleValidation()[pri:0, instance:com.neotech.lesson01.TitleAndLoginValidation@28ac3dc3]" name="titleValidation" duration-ms="2026" started-at="2023-01-03T15:59:03 EST" finished-at="2023-01-03T15:59:05 EST">
          <reporter-output>
          </reporter-output>
        </test-method> <!-- titleValidation -->
        <test-method status="PASS" signature="quitBrowser()[pri:0, instance:com.neotech.lesson01.TitleAndLoginValidation@28ac3dc3]" name="quitBrowser" is-config="true" duration-ms="105" started-at="2023-01-03T15:59:05 EST" finished-at="2023-01-03T15:59:05 EST">
          <reporter-output>
          </reporter-output>
        </test-method> <!-- quitBrowser -->
      </class> <!-- com.neotech.lesson01.TitleAndLoginValidation -->
    </test> <!-- Default test -->
  </suite> <!-- Default suite -->
</testng-results>
